<?xml version="1.0" encoding="UTF-8" ?>
<testsuite errors="3" failures="1" hostname="bleujin-PC" name="net.ion.isearcher.AllTest" tests="82" time="33.514" timestamp="2010-07-20T05:49:06">
  <properties>
[...]
</properties>
  <testcase classname="net.ion.framework.parse.html.HTMLTest" name="testInsensitive" time="0.037" />
  <testcase classname="net.ion.framework.parse.html.HTMLTest" name="testEmpty" time="0.0" />
  <testcase classname="net.ion.framework.parse.html.HTMLTest" name="testDocType" time="0.0080" />
  <testcase classname="net.ion.framework.parse.html.HTMLTest" name="testOnlyText" time="0.0020" />
  <testcase classname="net.ion.framework.parse.html.HTMLTest" name="testPrefix" time="0.0010" />
  <testcase classname="net.ion.framework.parse.html.HTMLTest" name="testContent" time="0.0010" />
  <testcase classname="net.ion.framework.parse.html.HTMLTest" name="testTagText" time="0.0010" />
  <testcase classname="net.ion.framework.parse.html.HTMLTest" name="testDepth" time="0.0010" />
  <testcase classname="net.ion.framework.parse.html.HTMLTest" name="testChild" time="0.0030" />
  <testcase classname="net.ion.framework.parse.html.TestParser" name="testElementValue" time="0.0010" />
  <testcase classname="net.ion.isearcher.CentralTest" name="testMakeSearcher" time="1.261" />
  <testcase classname="net.ion.isearcher.CentralTest" name="testThread" time="5.253" />
  <testcase classname="net.ion.isearcher.CentralTest" name="testWriteMulti" time="7.858" />
  <testcase classname="net.ion.isearcher.crawler.auth.LoginURLInfoTest" name="testStart" time="0.0010" />
  <testcase classname="net.ion.isearcher.crawler.filter.BeginningPathFilterTest" name="testNull" time="0.0010" />
  <testcase classname="net.ion.isearcher.crawler.filter.BeginningPathFilterTest" name="testApplication" time="0.0" />
  <testcase classname="net.ion.isearcher.crawler.filter.BeginningPathFilterTest" name="testApplicationEndDir" time="0.0" />
  <testcase classname="net.ion.isearcher.crawler.filter.FileExtensionFilterTest" name="testCase" time="0.0010" />
  <testcase classname="net.ion.isearcher.crawler.filter.FileExtensionFilterTest" name="testNull" time="0.0" />
  <testcase classname="net.ion.isearcher.crawler.filter.FileExtensionFilterTest" name="testHTML" time="0.0" />
  <testcase classname="net.ion.isearcher.crawler.filter.FileExtensionFilterTest" name="testOther" time="0.0" />
  <testcase classname="net.ion.isearcher.crawler.filter.FileExtensionFilterTest" name="testParameter" time="0.0010" />
  <testcase classname="net.ion.isearcher.crawler.filter.ServerFilterTest" name="testNull" time="0.0010" />
  <testcase classname="net.ion.isearcher.crawler.filter.ServerFilterTest" name="testApplication" time="0.0" />
  <testcase classname="net.ion.isearcher.crawler.filter.ServerFilterTest" name="testOtherHost" time="0.0" />
  <testcase classname="net.ion.isearcher.crawler.filter.SubDomainFilterTest" name="testNull" time="0.0" />
  <testcase classname="net.ion.isearcher.crawler.filter.SubDomainFilterTest" name="testHome" time="0.0" />
  <testcase classname="net.ion.isearcher.crawler.filter.SubDomainFilterTest" name="testOtherDomain" time="0.0" />
  <testcase classname="net.ion.isearcher.crawler.filter.SubDomainFilterTest" name="testOtherDomain2" time="0.0" />
  <testcase classname="net.ion.isearcher.crawler.link.ExtractLinkTest" name="testIMLink" time="0.0060">
    <error message="samplesite\webapps\simple\download\im.htm (지정된 경로를 찾을 수 없습니다)" type="java.io.FileNotFoundException">java.io.FileNotFoundException: samplesite\webapps\simple\download\im.htm (지정된 경로를 찾을 수 없습니다)
	at java.io.FileInputStream.open(Native Method)
	at java.io.FileInputStream.&lt;init&gt;(Unknown Source)
	at net.ion.isearcher.crawler.link.ExtractLinkTest.testIMLink(ExtractLinkTest.java:39)
</error>
  </testcase>
  <testcase classname="net.ion.isearcher.crawler.link.ExtractLinkTest" name="testBaseHref" time="0.0">
    <error message="samplesite\webapps\simple\download\basehref.htm (지정된 경로를 찾을 수 없습니다)" type="java.io.FileNotFoundException">java.io.FileNotFoundException: samplesite\webapps\simple\download\basehref.htm (지정된 경로를 찾을 수 없습니다)
	at java.io.FileInputStream.open(Native Method)
	at java.io.FileInputStream.&lt;init&gt;(Unknown Source)
	at net.ion.isearcher.crawler.link.ExtractLinkTest.testBaseHref(ExtractLinkTest.java:52)
</error>
  </testcase>
  <testcase classname="net.ion.isearcher.crawler.link.ExtractLinkTest" name="testEscapeHTML" time="0.0080" />
  <testcase classname="net.ion.isearcher.crawler.link.ExtractLinkTest" name="testFilter" time="0.0010" />
  <testcase classname="net.ion.isearcher.crawler.link.ExtractLinkTest" name="testComment" time="0.015" />
  <testcase classname="net.ion.isearcher.crawler.link.ExtractLinkTest" name="testHttptHead" time="0.315" />
  <testcase classname="net.ion.isearcher.crawler.link.LinkExtractorBleujinTest" name="testBuilderAddNull" time="0.0" />
  <testcase classname="net.ion.isearcher.crawler.link.LinkExtractorBleujinTest" name="testDefault" time="0.0010" />
  <testcase classname="net.ion.isearcher.crawler.link.LinkExtractorBleujinTest" name="testDual" time="0.0" />
  <testcase classname="net.ion.isearcher.crawler.link.LinkExtractorBleujinTest" name="testExtract" time="0.0" />
  <testcase classname="net.ion.isearcher.crawler.link.LinkExtractorBleujinTest" name="testExtractImg" time="0.0050" />
  <testcase classname="net.ion.isearcher.crawler.link.LinkExtractorBleujinTest" name="testLink" time="0.0010">
    <error message="samplesite\webapps\simple\download\index.html (지정된 경로를 찾을 수 없습니다)" type="java.io.FileNotFoundException">java.io.FileNotFoundException: samplesite\webapps\simple\download\index.html (지정된 경로를 찾을 수 없습니다)
	at java.io.FileInputStream.open(Native Method)
	at java.io.FileInputStream.&lt;init&gt;(Unknown Source)
	at net.ion.isearcher.crawler.link.LinkExtractorBleujinTest.testLink(LinkExtractorBleujinTest.java:64)
</error>
  </testcase>
  <testcase classname="net.ion.isearcher.crawler.link.LinkExtractorBleujinTest" name="testHead" time="0.0020" />
  <testcase classname="net.ion.isearcher.crawler.util.HashFunctionTest" name="testHashValue" time="0.0" />
  <testcase classname="net.ion.isearcher.crawler.util.SmartInputStreamTest" name="testKorean" time="0.0020" />
  <testcase classname="net.ion.isearcher.crawler.util.SmartInputStreamTest" name="testDetect" time="0.0040">
    <failure message="null expected:&lt;[EUC-KR]&gt; but was:&lt;[UTF-8]&gt;" type="junit.framework.ComparisonFailure">junit.framework.ComparisonFailure: null expected:&lt;[EUC-KR]&gt; but was:&lt;[UTF-8]&gt;
	at net.ion.isearcher.crawler.util.SmartInputStreamTest.testDetect(SmartInputStreamTest.java:46)
</failure>
  </testcase>
  <testcase classname="net.ion.isearcher.crawler.util.SmartInputStreamTest" name="testDetectInputStream1" time="0.0030" />
  <testcase classname="net.ion.isearcher.crawler.util.SmartInputStreamTest" name="testDetectInputStream2" time="0.0" />
  <testcase classname="net.ion.isearcher.crawler.util.SmartInputStreamTest" name="testURLDecode" time="0.0050" />
  <testcase classname="net.ion.isearcher.indexer.channel.TestCollectorExecutor" name="testFile" time="0.829" />
  <testcase classname="net.ion.isearcher.indexer.channel.TestCollectorExecutor" name="testDatabase" time="0.468" />
  <testcase classname="net.ion.isearcher.indexer.channel.TestCollectorExecutor" name="testJoindQuery" time="0.051" />
  <testcase classname="net.ion.isearcher.indexer.channel.TestCollectorExecutor" name="testJoindQueryEvent" time="0.063" />
  <testcase classname="net.ion.isearcher.indexer.PolicyTest" name="testMergePolicy" time="4.753" />
  <testcase classname="net.ion.isearcher.indexer.PolicyTest" name="testRecreatePolicy" time="4.659" />
  <testcase classname="net.ion.isearcher.indexer.PolicyTest" name="testRecreateTermPolicy" time="4.701" />
  <testcase classname="net.ion.isearcher.indexer.RollbackTest" name="testCollectorShutdown" time="0.209" />
  <testcase classname="net.ion.isearcher.indexer.RollbackTest" name="testRollback" time="0.016" />
  <testcase classname="net.ion.isearcher.indexer.RollbackTest" name="testReader" time="0.012" />
  <testcase classname="net.ion.isearcher.indexer.channel.TestDocument" name="testDocument" time="0.022" />
  <testcase classname="net.ion.isearcher.indexer.channel.TestDocument" name="testCaseSensitive" time="0.0090" />
  <testcase classname="net.ion.isearcher.indexer.channel.TestDocument" name="testToLuceneDoc" time="0.011" />
  <testcase classname="net.ion.isearcher.indexer.channel.TestDocument" name="testUnderBarDoc" time="0.011" />
  <testcase classname="net.ion.isearcher.indexer.channel.TestDocument" name="testSerializable" time="0.0040" />
  <testcase classname="net.ion.isearcher.indexer.channel.TestStackFile" name="testPush" time="0.0020" />
  <testcase classname="net.ion.isearcher.indexer.IndexerTest" name="testCreate" time="0.875" />
  <testcase classname="net.ion.isearcher.indexer.IndexerTest" name="testAfterClose" time="1.009" />
  <testcase classname="net.ion.isearcher.impl.PostProcessorTest" name="testInit" time="0.0070" />
  <testcase classname="net.ion.isearcher.impl.PostProcessorTest" name="testMultiThreadPostProcessor" time="0.0090" />
  <testcase classname="net.ion.isearcher.searcher.FilterTest" name="testTermFilterAtRequest" time="0.012" />
  <testcase classname="net.ion.isearcher.searcher.FilterTest" name="testTermFilterAtSearcher" time="0.01" />
  <testcase classname="net.ion.isearcher.impl.SearcherTest" name="testExecute" time="0.827" />
  <testcase classname="net.ion.isearcher.impl.SearcherTest" name="testSearchCount" time="0.0060" />
  <testcase classname="net.ion.isearcher.impl.SearcherTest" name="testPage" time="0.0060" />
  <testcase classname="net.ion.isearcher.impl.SearcherTest" name="testAllDoc" time="0.0070" />
  <testcase classname="net.ion.isearcher.searcher.ReaderTest" name="testCommit" time="0.0070" />
  <testcase classname="net.ion.isearcher.searcher.SortTest" name="testEmpty" time="0.0" />
  <testcase classname="net.ion.isearcher.searcher.SortTest" name="testOneField" time="0.0" />
  <testcase classname="net.ion.isearcher.searcher.SortTest" name="testOneField2" time="0.0" />
  <testcase classname="net.ion.isearcher.searcher.SortTest" name="testOneField3" time="0.0" />
  <testcase classname="net.ion.isearcher.searcher.SortTest" name="testTwoField" time="0.0" />
  <testcase classname="net.ion.isearcher.searcher.SortTest" name="testKeyField" time="0.0010" />
  <testcase classname="net.ion.isearcher.searcher.SortTest" name="testSort" time="0.023" />
  <system-out><![CDATA[]]></system-out>
  <system-err><![CDATA[org.apache.lucene.store.LockObtainFailedException: exception.indexer.lock.obtain_failed:owner[20100720/DEFAULT/ion_page]
	at net.ion.isearcher.impl.TemporaryWriter.begin(TemporaryWriter.java:60)
	at net.ion.isearcher.indexer.DefaultIndexer.run(DefaultIndexer.java:84)
	at java.lang.Thread.run(Unknown Source)
2010. 7. 20 오후 2:49:21 net.ion.isearcher.crawler.model.MaxDepthModel <init>
정보: Crawler model: net.ion.isearcher.crawler.model.MaxDepthModel
2010. 7. 20 오후 2:49:21 net.ion.isearcher.crawler.model.MaxDepthModel <init>
정보: - max depth=0
2010. 7. 20 오후 2:49:21 net.ion.isearcher.crawler.model.MaxDepthModel <init>
정보: - max iterations=4194304
2010. 7. 20 오후 2:49:22 net.ion.framework.db.servant.ServantChannel <init>
정보: init Channel : Thread-6(class net.ion.framework.db.servant.StdOutServant)
2010. 7. 20 오후 2:49:22 net.ion.framework.db.DBController destroySelf
정보: DBController : destroyed
2010. 7. 20 오후 2:49:22 net.ion.framework.db.DBController destroySelf
정보: DBController : destroyed
2010. 7. 20 오후 2:49:22 net.ion.framework.db.DBController destroySelf
정보: DBController : destroyed
]]></system-err>
</testsuite>
